<?xml version="1.0" encoding="UTF-8"?>
<testsuite xmlns:xsi="http://www.w3.org/2001/XMLSchema-instance" xsi:schemaLocation="https://maven.apache.org/surefire/maven-surefire-plugin/xsd/surefire-test-report.xsd" name="TestSuite" time="64.728" tests="11" errors="0" skipped="0" failures="1">
  <properties>
    <property name="java.runtime.name" value="Java(TM) SE Runtime Environment"/>
    <property name="sun.boot.library.path" value="C:\Program Files\Java\jdk1.8.0_121\jre\bin"/>
    <property name="java.vm.version" value="25.121-b13"/>
    <property name="java.vm.vendor" value="Oracle Corporation"/>
    <property name="java.vendor.url" value="http://java.oracle.com/"/>
    <property name="path.separator" value=";"/>
    <property name="guice.disable.misplaced.annotation.check" value="true"/>
    <property name="java.vm.name" value="Java HotSpot(TM) 64-Bit Server VM"/>
    <property name="file.encoding.pkg" value="sun.io"/>
    <property name="user.script" value=""/>
    <property name="user.country" value="GB"/>
    <property name="sun.java.launcher" value="SUN_STANDARD"/>
    <property name="sun.os.patch.level" value="Service Pack 1"/>
    <property name="java.vm.specification.name" value="Java Virtual Machine Specification"/>
    <property name="user.dir" value="C:\Users\Segun\workspace\auto-test"/>
    <property name="java.runtime.version" value="1.8.0_121-b13"/>
    <property name="java.awt.graphicsenv" value="sun.awt.Win32GraphicsEnvironment"/>
    <property name="java.endorsed.dirs" value="C:\Program Files\Java\jdk1.8.0_121\jre\lib\endorsed"/>
    <property name="os.arch" value="amd64"/>
    <property name="java.io.tmpdir" value="C:\Users\Segun\AppData\Local\Temp\"/>
    <property name="line.separator" value="&#10;"/>
    <property name="java.vm.specification.vendor" value="Oracle Corporation"/>
    <property name="user.variant" value=""/>
    <property name="os.name" value="Windows 7"/>
    <property name="classworlds.conf" value="C:\Users\Segun\workspace\.metadata\.plugins\org.eclipse.m2e.launching\launches\m2conf5044729865690804946.tmp"/>
    <property name="sun.jnu.encoding" value="Cp1252"/>
    <property name="java.library.path" value="C:\Program Files\Java\jdk1.8.0_121\bin;C:\Windows\Sun\Java\bin;C:\Windows\system32;C:\Windows;C:/Program Files/Java/jre1.8.0_121/bin/server;C:/Program Files/Java/jre1.8.0_121/bin;C:/Program Files/Java/jre1.8.0_121/lib/amd64;C:\ProgramData\Oracle\Java\javapath;C:\Windows\system32;C:\Windows;C:\Windows\System32\Wbem;C:\Windows\System32\WindowsPowerShell\v1.0\;c:\Program Files\Intel\DMIX;C:\Program Files\Git\cmd;;C:\Program Files (x86)\Microsoft VS Code\bin;C:\Program Files\Docker Toolbox;C:\Users\Segun\Documents\TestAutomation\eclipse_config\eclipse;;."/>
    <property name="java.specification.name" value="Java Platform API Specification"/>
    <property name="java.class.version" value="52.0"/>
    <property name="sun.management.compiler" value="HotSpot 64-Bit Tiered Compilers"/>
    <property name="os.version" value="6.1"/>
    <property name="user.home" value="C:\Users\Segun"/>
    <property name="user.timezone" value="Europe/London"/>
    <property name="java.awt.printerjob" value="sun.awt.windows.WPrinterJob"/>
    <property name="java.specification.version" value="1.8"/>
    <property name="file.encoding" value="Cp1252"/>
    <property name="user.name" value="Segun"/>
    <property name="java.class.path" value="/C:/Users/Segun/Documents/TestAutomation/eclipse_config/eclipse/configuration/org.eclipse.osgi/bundles/264/1/.cp/jars/plexus-classworlds-2.4.jar"/>
    <property name="java.vm.specification.version" value="1.8"/>
    <property name="sun.arch.data.model" value="64"/>
    <property name="java.home" value="C:\Program Files\Java\jdk1.8.0_121\jre"/>
    <property name="sun.java.command" value="org.codehaus.plexus.classworlds.launcher.Launcher -B test -Photeltest"/>
    <property name="java.specification.vendor" value="Oracle Corporation"/>
    <property name="user.language" value="en"/>
    <property name="awt.toolkit" value="sun.awt.windows.WToolkit"/>
    <property name="java.vm.info" value="mixed mode"/>
    <property name="java.version" value="1.8.0_121"/>
    <property name="java.ext.dirs" value="C:\Program Files\Java\jdk1.8.0_121\jre\lib\ext;C:\Windows\Sun\Java\lib\ext"/>
    <property name="sun.boot.class.path" value="C:\Program Files\Java\jdk1.8.0_121\jre\lib\resources.jar;C:\Program Files\Java\jdk1.8.0_121\jre\lib\rt.jar;C:\Program Files\Java\jdk1.8.0_121\jre\lib\sunrsasign.jar;C:\Program Files\Java\jdk1.8.0_121\jre\lib\jsse.jar;C:\Program Files\Java\jdk1.8.0_121\jre\lib\jce.jar;C:\Program Files\Java\jdk1.8.0_121\jre\lib\charsets.jar;C:\Program Files\Java\jdk1.8.0_121\jre\lib\jfr.jar;C:\Program Files\Java\jdk1.8.0_121\jre\classes"/>
    <property name="java.vendor" value="Oracle Corporation"/>
    <property name="maven.home" value="C:\Users\Segun\workspace\auto-test\EMBEDDED"/>
    <property name="file.separator" value="\"/>
    <property name="java.vendor.url.bug" value="http://bugreport.sun.com/bugreport/"/>
    <property name="maven.bootclasspath" value="/C:/Users/Segun/Documents/TestAutomation/eclipse_config/eclipse/configuration/org.eclipse.osgi/bundles/264/1/.cp/jars/plexus-classworlds-2.4.jar"/>
    <property name="sun.cpu.endian" value="little"/>
    <property name="sun.io.unicode.encoding" value="UnicodeLittle"/>
    <property name="sun.desktop" value="windows"/>
    <property name="sun.cpu.isalist" value="amd64"/>
  </properties>
  <testcase name="loginToHotelManagement" classname="com.segun.auto.testsuites.CreateAnEntry" time="1.41"/>
  <testcase name="createAnEntry" classname="com.segun.auto.testsuites.CreateAnEntry" time="1.859"/>
  <testcase name="confirmCreatedEntryPresent" classname="com.segun.auto.testsuites.CreateAnEntry" time="5.114"/>
  <testcase name="loggingOutOfHotelManagement" classname="com.segun.auto.testsuites.CreateAnEntry" time="0.408"/>
  <testcase name="loginToHotelManagement" classname="com.segun.auto.testsuites.DeleteAnEntry" time="1.259"/>
  <testcase name="deleteAnEntry" classname="com.segun.auto.testsuites.DeleteAnEntry" time="1.353"/>
  <testcase name="confirmDeletedEntryNotPresent" classname="com.segun.auto.testsuites.DeleteAnEntry" time="5.063">
    <failure type="java.lang.AssertionError:">java.lang.AssertionError: null
	at com.segun.auto.testsuites.DeleteAnEntry.confirmDeletedEntryNotPresent(DeleteAnEntry.java:129)
</failure>
    <system-out><![CDATA[
in test 3: Confirm hotel entry is deleted
TESTTESTHotel40
Driver session page:ChromeDriver: chrome on XP (9e410c94645fa2c787fb33a3955db283)
Hotel entry list element page : Hotel40
Browser session base: ChromeDriver: chrome on XP (9e410c94645fa2c787fb33a3955db283)
Text from the list base: Hotel40
Xpath element: By.xpath: html/body/div/div[2]/div[1]/div[1]/p
Browser session: ChromeDriver: chrome on XP (9e410c94645fa2c787fb33a3955db283)
Locator element: By.xpath: html/body/div/div[2]/div[1]/div[1]/p
Timeout: 60
Hotel40 element_text 1
Hotel40 text_from_list 1
Boolean Create: true
Hotel40 entry not deleted
]]></system-out>
  </testcase>
  <testcase name="loggingOutOfHotelManagement" classname="com.segun.auto.testsuites.DeleteAnEntry" time="0.598"/>
  <testcase name="loginToHotelManagement" classname="com.segun.auto.testsuites.CreateMultipleEntries" time="1.238"/>
  <testcase name="createMultipleEntry" classname="com.segun.auto.testsuites.CreateMultipleEntries" time="25.43"/>
  <testcase name="loggingOutOfHotelManagement" classname="com.segun.auto.testsuites.CreateMultipleEntries" time="0.532"/>
</testsuite>