<?xml version="1.0" encoding="UTF-8"?>
<testsuite xmlns:xsi="http://www.w3.org/2001/XMLSchema-instance" xsi:schemaLocation="https://maven.apache.org/surefire/maven-surefire-plugin/xsd/surefire-test-report.xsd" name="TestSuite" time="64.728" tests="11" errors="0" skipped="0" failures="1">
  <properties>
[...]
</properties>
  <testcase name="loginToHotelManagement" classname="com.segun.auto.testsuites.CreateAnEntry" time="1.41"/>
  <testcase name="createAnEntry" classname="com.segun.auto.testsuites.CreateAnEntry" time="1.859"/>
  <testcase name="confirmCreatedEntryPresent" classname="com.segun.auto.testsuites.CreateAnEntry" time="5.114"/>
  <testcase name="loggingOutOfHotelManagement" classname="com.segun.auto.testsuites.CreateAnEntry" time="0.408"/>
  <testcase name="loginToHotelManagement" classname="com.segun.auto.testsuites.DeleteAnEntry" time="1.259"/>
  <testcase name="deleteAnEntry" classname="com.segun.auto.testsuites.DeleteAnEntry" time="1.353"/>
  <testcase name="confirmDeletedEntryNotPresent" classname="com.segun.auto.testsuites.DeleteAnEntry" time="5.063">
    <failure type="java.lang.AssertionError:">java.lang.AssertionError: null
	at com.segun.auto.testsuites.DeleteAnEntry.confirmDeletedEntryNotPresent(DeleteAnEntry.java:129)
</failure>
    <system-out><![CDATA[
in test 3: Confirm hotel entry is deleted
TESTTESTHotel40
Driver session page:ChromeDriver: chrome on XP (9e410c94645fa2c787fb33a3955db283)
Hotel entry list element page : Hotel40
Browser session base: ChromeDriver: chrome on XP (9e410c94645fa2c787fb33a3955db283)
Text from the list base: Hotel40
Xpath element: By.xpath: html/body/div/div[2]/div[1]/div[1]/p
Browser session: ChromeDriver: chrome on XP (9e410c94645fa2c787fb33a3955db283)
Locator element: By.xpath: html/body/div/div[2]/div[1]/div[1]/p
Timeout: 60
Hotel40 element_text 1
Hotel40 text_from_list 1
Boolean Create: true
Hotel40 entry not deleted
]]></system-out>
  </testcase>
  <testcase name="loggingOutOfHotelManagement" classname="com.segun.auto.testsuites.DeleteAnEntry" time="0.598"/>
  <testcase name="loginToHotelManagement" classname="com.segun.auto.testsuites.CreateMultipleEntries" time="1.238"/>
  <testcase name="createMultipleEntry" classname="com.segun.auto.testsuites.CreateMultipleEntries" time="25.43"/>
  <testcase name="loggingOutOfHotelManagement" classname="com.segun.auto.testsuites.CreateMultipleEntries" time="0.532"/>
</testsuite>