-------------------------------------------------------------------------------
Test set: TestSuite
-------------------------------------------------------------------------------
Tests run: 11, Failures: 1, Errors: 0, Skipped: 0, Time elapsed: 64.728 sec <<< FAILURE! - in TestSuite
confirmDeletedEntryNotPresent(com.segun.auto.testsuites.DeleteAnEntry)  Time elapsed: 5.063 sec  <<< FAILURE!
java.lang.AssertionError: null
	at com.segun.auto.testsuites.DeleteAnEntry.confirmDeletedEntryNotPresent(DeleteAnEntry.java:129)

