<?xml version="1.0" encoding="UTF-8"?>
<!-- Generated by org.testng.reporters.JUnitXMLReporter -->
<testsuite hostname="Segun-HP" ignored="0" name="Login and Create an Entry" tests="4" failures="0" timestamp="14 Feb 2017 07:04:21 GMT" time="15.792" errors="0">
  <testcase name="loginToHotelManagement" time="1.405" classname="com.segun.auto.testsuites.CreateAnEntry"/>
  <testcase name="createAnEntry" time="1.859" classname="com.segun.auto.testsuites.CreateAnEntry"/>
  <testcase name="confirmCreatedEntryPresent" time="5.111" classname="com.segun.auto.testsuites.CreateAnEntry"/>
  <testcase name="loggingOutOfHotelManagement" time="0.409" classname="com.segun.auto.testsuites.CreateAnEntry"/>
</testsuite> <!-- Login and Create an Entry -->
