<?xml version="1.0" encoding="UTF-8"?>
<!-- Generated by org.testng.reporters.JUnitXMLReporter -->
<testsuite hostname="Segun-HP" ignored="0" name="Login and Create Multiple Entries" tests="3" failures="0" timestamp="14 Feb 2017 07:05:09 GMT" time="32.946" errors="0">
  <testcase name="loginToHotelManagement" time="1.226" classname="com.segun.auto.testsuites.CreateMultipleEntries"/>
  <testcase name="createMultipleEntry" time="25.438" classname="com.segun.auto.testsuites.CreateMultipleEntries"/>
  <testcase name="loggingOutOfHotelManagement" time="0.521" classname="com.segun.auto.testsuites.CreateMultipleEntries"/>
</testsuite> <!-- Login and Create Multiple Entries -->
